<?xml version="1.0" encoding="UTF-8"?>
<!-- Generated by org.testng.reporters.JUnitXMLReporter -->
<testsuite ignored="0" hostname="Prashants-MacBook-Pro.local" failures="0" tests="3" name="Default test" time="170.88" errors="0" timestamp="2021-04-02T16:33:54 IST">
  <testcase classname="com.qa.tests.FreeCRMAccountPageTest" name="login" time="33.045"/>
  <testcase classname="com.qa.tests.FreeCRMAccountPageTest" name="login" time="4.044"/>
  <testcase classname="com.qa.tests.FreeCRMAccountPageTest" name="login" time="32.947"/>
</testsuite> <!-- Default test -->
