<?xml version="1.0" encoding="UTF-8"?>
<!-- Generated by org.testng.reporters.JUnitXMLReporter -->
<testsuite ignored="0" hostname="Prashants-MacBook-Pro.local" failures="0" tests="3" name="Default test" time="90.995" errors="0" timestamp="2021-04-02T02:04:45 IST">
  <testcase classname="com.qa.tests.FreeCRMAccountPageTest" name="login" time="23.179"/>
  <testcase classname="com.qa.tests.FreeCRMAccountPageTest" name="login" time="3.807"/>
  <testcase classname="com.qa.tests.FreeCRMAccountPageTest" name="login" time="22.921"/>
</testsuite> <!-- Default test -->
