<?xml version="1.0" encoding="UTF-8"?>
<testng-results ignored="0" total="3" passed="3" failed="0" skipped="0">
  <reporter-output>
  </reporter-output>
  <suite started-at="2021-04-02T02:03:09 IST" name="Default suite" finished-at="2021-04-02T02:04:40 IST" duration-ms="90995">
    <groups>
      <group name="Smoke">
        <method signature="FreeCRMAccountPageTest.login(java.lang.String, java.lang.String)[pri:0, instance:com.qa.tests.FreeCRMAccountPageTest@1649b0e6]" name="login" class="com.qa.tests.FreeCRMAccountPageTest"/>
      </group> <!-- Smoke -->
    </groups>
    <test started-at="2021-04-02T02:03:09 IST" name="Default test" finished-at="2021-04-02T02:04:40 IST" duration-ms="90995">
      <class name="com.qa.tests.FreeCRMAccountPageTest">
        <test-method is-config="true" signature="setup()[pri:0, instance:com.qa.tests.FreeCRMAccountPageTest@1649b0e6]" started-at="2021-04-02T02:03:10 IST" name="setup" finished-at="2021-04-02T02:03:34 IST" duration-ms="23954" status="PASS">
          <reporter-output>
          </reporter-output>
        </test-method> <!-- setup -->
        <test-method signature="login(java.lang.String, java.lang.String)[pri:0, instance:com.qa.tests.FreeCRMAccountPageTest@1649b0e6]" started-at="2021-04-02T02:03:34 IST" name="login" data-provider="getTestData" finished-at="2021-04-02T02:03:57 IST" duration-ms="23179" status="PASS">
          <params>
            <param index="0">
              <value>
                <![CDATA[prashantchandra14@gmail.com]]>
              </value>
            </param>
            <param index="1">
              <value>
                <![CDATA[Chandra]]>
              </value>
            </param>
          </params>
          <reporter-output>
          </reporter-output>
        </test-method> <!-- login -->
        <test-method is-config="true" signature="tearDown()[pri:0, instance:com.qa.tests.FreeCRMAccountPageTest@1649b0e6]" started-at="2021-04-02T02:03:57 IST" name="tearDown" finished-at="2021-04-02T02:03:57 IST" duration-ms="78" status="PASS">
          <reporter-output>
          </reporter-output>
        </test-method> <!-- tearDown -->
        <test-method is-config="true" signature="setup()[pri:0, instance:com.qa.tests.FreeCRMAccountPageTest@1649b0e6]" started-at="2021-04-02T02:03:57 IST" name="setup" finished-at="2021-04-02T02:04:05 IST" duration-ms="8077" status="PASS">
          <reporter-output>
          </reporter-output>
        </test-method> <!-- setup -->
        <test-method signature="login(java.lang.String, java.lang.String)[pri:0, instance:com.qa.tests.FreeCRMAccountPageTest@1649b0e6]" started-at="2021-04-02T02:04:05 IST" name="login" data-provider="getTestData" finished-at="2021-04-02T02:04:09 IST" duration-ms="3807" status="PASS">
          <params>
            <param index="0">
              <value>
                <![CDATA[prashantchandra14@gmail.com]]>
              </value>
            </param>
            <param index="1">
              <value>
                <![CDATA[Prashu55]]>
              </value>
            </param>
          </params>
          <reporter-output>
          </reporter-output>
        </test-method> <!-- login -->
        <test-method is-config="true" signature="tearDown()[pri:0, instance:com.qa.tests.FreeCRMAccountPageTest@1649b0e6]" started-at="2021-04-02T02:04:09 IST" name="tearDown" finished-at="2021-04-02T02:04:09 IST" duration-ms="76" status="PASS">
          <reporter-output>
          </reporter-output>
        </test-method> <!-- tearDown -->
        <test-method is-config="true" signature="setup()[pri:0, instance:com.qa.tests.FreeCRMAccountPageTest@1649b0e6]" started-at="2021-04-02T02:04:09 IST" name="setup" finished-at="2021-04-02T02:04:17 IST" duration-ms="7979" status="PASS">
          <reporter-output>
          </reporter-output>
        </test-method> <!-- setup -->
        <test-method signature="login(java.lang.String, java.lang.String)[pri:0, instance:com.qa.tests.FreeCRMAccountPageTest@1649b0e6]" started-at="2021-04-02T02:04:17 IST" name="login" data-provider="getTestData" finished-at="2021-04-02T02:04:40 IST" duration-ms="22921" status="PASS">
          <params>
            <param index="0">
              <value>
                <![CDATA[prashantchandra14@gmail.com]]>
              </value>
            </param>
            <param index="1">
              <value>
                <![CDATA[Kumar]]>
              </value>
            </param>
          </params>
          <reporter-output>
          </reporter-output>
        </test-method> <!-- login -->
        <test-method is-config="true" signature="tearDown()[pri:0, instance:com.qa.tests.FreeCRMAccountPageTest@1649b0e6]" started-at="2021-04-02T02:04:40 IST" name="tearDown" finished-at="2021-04-02T02:04:40 IST" duration-ms="82" status="PASS">
          <reporter-output>
          </reporter-output>
        </test-method> <!-- tearDown -->
      </class> <!-- com.qa.tests.FreeCRMAccountPageTest -->
    </test> <!-- Default test -->
  </suite> <!-- Default suite -->
</testng-results>
