<?xml version="1.0" encoding="UTF-8"?>
<testng-results ignored="0" total="4" passed="3" failed="1" skipped="0">
  <reporter-output>
  </reporter-output>
  <suite started-at="2021-03-07T19:35:24 IST" name="Pages" finished-at="2021-03-07T19:36:48 IST" duration-ms="83338">
    <groups>
      <group name="Smoke">
        <method signature="FreeCRMAccountPageTest.login(java.lang.String, java.lang.String)[pri:0, instance:com.qa.tests.FreeCRMAccountPageTest@503d687a]" name="login" class="com.qa.tests.FreeCRMAccountPageTest"/>
        <method signature="UglyContactUsPageTest.submitForm()[pri:0, instance:com.qa.tests.UglyContactUsPageTest@62e7f11d]" name="submitForm" class="com.qa.tests.UglyContactUsPageTest"/>
      </group> <!-- Smoke -->
    </groups>
    <test started-at="2021-03-07T19:35:24 IST" name="Page-Run." finished-at="2021-03-07T19:36:48 IST" duration-ms="83338">
      <class name="com.qa.tests.FreeCRMAccountPageTest">
        <test-method is-config="true" signature="setup()[pri:0, instance:com.qa.tests.FreeCRMAccountPageTest@503d687a]" started-at="2021-03-07T19:35:26 IST" name="setup" finished-at="2021-03-07T19:35:41 IST" duration-ms="15515" status="PASS">
          <reporter-output>
          </reporter-output>
        </test-method> <!-- setup -->
        <test-method signature="login(java.lang.String, java.lang.String)[pri:0, instance:com.qa.tests.FreeCRMAccountPageTest@503d687a]" started-at="2021-03-07T19:35:41 IST" name="login" data-provider="getTestData" finished-at="2021-03-07T19:36:04 IST" duration-ms="23143" status="PASS">
          <params>
            <param index="0">
              <value>
                <![CDATA[prashantchandra14@gmail.com]]>
              </value>
            </param>
            <param index="1">
              <value>
                <![CDATA[Chandra]]>
              </value>
            </param>
          </params>
          <reporter-output>
          </reporter-output>
        </test-method> <!-- login -->
        <test-method is-config="true" signature="tearDown()[pri:0, instance:com.qa.tests.FreeCRMAccountPageTest@503d687a]" started-at="2021-03-07T19:36:04 IST" name="tearDown" finished-at="2021-03-07T19:36:04 IST" duration-ms="82" status="PASS">
          <reporter-output>
          </reporter-output>
        </test-method> <!-- tearDown -->
        <test-method is-config="true" signature="setup()[pri:0, instance:com.qa.tests.FreeCRMAccountPageTest@503d687a]" started-at="2021-03-07T19:36:04 IST" name="setup" finished-at="2021-03-07T19:36:12 IST" duration-ms="7829" status="PASS">
          <reporter-output>
          </reporter-output>
        </test-method> <!-- setup -->
        <test-method signature="login(java.lang.String, java.lang.String)[pri:0, instance:com.qa.tests.FreeCRMAccountPageTest@503d687a]" started-at="2021-03-07T19:36:12 IST" name="login" data-provider="getTestData" finished-at="2021-03-07T19:36:17 IST" duration-ms="4439" status="PASS">
          <params>
            <param index="0">
              <value>
                <![CDATA[prashantchandra14@gmail.com]]>
              </value>
            </param>
            <param index="1">
              <value>
                <![CDATA[Prashu55]]>
              </value>
            </param>
          </params>
          <reporter-output>
          </reporter-output>
        </test-method> <!-- login -->
        <test-method is-config="true" signature="tearDown()[pri:0, instance:com.qa.tests.FreeCRMAccountPageTest@503d687a]" started-at="2021-03-07T19:36:17 IST" name="tearDown" finished-at="2021-03-07T19:36:17 IST" duration-ms="140" status="PASS">
          <reporter-output>
          </reporter-output>
        </test-method> <!-- tearDown -->
        <test-method is-config="true" signature="setup()[pri:0, instance:com.qa.tests.FreeCRMAccountPageTest@503d687a]" started-at="2021-03-07T19:36:17 IST" name="setup" finished-at="2021-03-07T19:36:25 IST" duration-ms="7816" status="PASS">
          <reporter-output>
          </reporter-output>
        </test-method> <!-- setup -->
        <test-method signature="login(java.lang.String, java.lang.String)[pri:0, instance:com.qa.tests.FreeCRMAccountPageTest@503d687a]" started-at="2021-03-07T19:36:25 IST" name="login" data-provider="getTestData" finished-at="2021-03-07T19:36:48 IST" duration-ms="23001" status="PASS">
          <params>
            <param index="0">
              <value>
                <![CDATA[prashantchandra14@gmail.com]]>
              </value>
            </param>
            <param index="1">
              <value>
                <![CDATA[Kumar]]>
              </value>
            </param>
          </params>
          <reporter-output>
          </reporter-output>
        </test-method> <!-- login -->
        <test-method is-config="true" signature="tearDown()[pri:0, instance:com.qa.tests.FreeCRMAccountPageTest@503d687a]" started-at="2021-03-07T19:36:48 IST" name="tearDown" finished-at="2021-03-07T19:36:48 IST" duration-ms="88" status="PASS">
          <reporter-output>
          </reporter-output>
        </test-method> <!-- tearDown -->
      </class> <!-- com.qa.tests.FreeCRMAccountPageTest -->
      <class name="com.qa.tests.UglyContactUsPageTest">
        <test-method signature="submitForm()[pri:0, instance:com.qa.tests.UglyContactUsPageTest@62e7f11d]" started-at="2021-03-07T19:35:24 IST" name="submitForm" finished-at="2021-03-07T19:35:46 IST" duration-ms="21048" status="FAIL">
          <exception class="org.openqa.selenium.NoSuchElementException">
            <message>
              <![CDATA[no such element: Unable to locate element: {"method":"css selector","selector":"input#firstname-d9ef4b6f-6530-473c-95aa-167940ef39ba"}
  (Session info: chrome=88.0.4324.192)
For documentation on this error, please visit: https://www.seleniumhq.org/exceptions/no_such_element.html
Build info: version: '3.141.59', revision: 'e82be7d358', time: '2018-11-14T08:17:03'
System info: host: 'Prashants-MacBook-Pro.local', ip: 'fe80:0:0:0:840:acaf:968f:cd75%en0', os.name: 'Mac OS X', os.arch: 'x86_64', os.version: '10.16', java.version: '11.0.9'
Driver info: org.openqa.selenium.chrome.ChromeDriver
Capabilities {acceptInsecureCerts: false, browserName: chrome, browserVersion: 88.0.4324.192, chrome: {chromedriverVersion: 87.0.4280.88 (89e2380a3e36c..., userDataDir: /var/folders/dy/fgx2ryl57_l...}, goog:chromeOptions: {debuggerAddress: localhost:49615}, javascriptEnabled: true, networkConnectionEnabled: false, pageLoadStrategy: normal, platform: MAC, platformName: MAC, proxy: Proxy(), setWindowRect: true, strictFileInteractability: false, timeouts: {implicit: 0, pageLoad: 300000, script: 30000}, unhandledPromptBehavior: dismiss and notify, webauthn:virtualAuthenticators: true}
Session ID: 34313ea5050f497b66ff88136800f8bd
*** Element info: {Using=css selector, value=input#firstname-d9ef4b6f-6530-473c-95aa-167940ef39ba}]]>
            </message>
            <full-stacktrace>
              <![CDATA[org.openqa.selenium.NoSuchElementException: no such element: Unable to locate element: {"method":"css selector","selector":"input#firstname-d9ef4b6f-6530-473c-95aa-167940ef39ba"}
  (Session info: chrome=88.0.4324.192)
For documentation on this error, please visit: https://www.seleniumhq.org/exceptions/no_such_element.html
Build info: version: '3.141.59', revision: 'e82be7d358', time: '2018-11-14T08:17:03'
System info: host: 'Prashants-MacBook-Pro.local', ip: 'fe80:0:0:0:840:acaf:968f:cd75%en0', os.name: 'Mac OS X', os.arch: 'x86_64', os.version: '10.16', java.version: '11.0.9'
Driver info: org.openqa.selenium.chrome.ChromeDriver
Capabilities {acceptInsecureCerts: false, browserName: chrome, browserVersion: 88.0.4324.192, chrome: {chromedriverVersion: 87.0.4280.88 (89e2380a3e36c..., userDataDir: /var/folders/dy/fgx2ryl57_l...}, goog:chromeOptions: {debuggerAddress: localhost:49615}, javascriptEnabled: true, networkConnectionEnabled: false, pageLoadStrategy: normal, platform: MAC, platformName: MAC, proxy: Proxy(), setWindowRect: true, strictFileInteractability: false, timeouts: {implicit: 0, pageLoad: 300000, script: 30000}, unhandledPromptBehavior: dismiss and notify, webauthn:virtualAuthenticators: true}
Session ID: 34313ea5050f497b66ff88136800f8bd
*** Element info: {Using=css selector, value=input#firstname-d9ef4b6f-6530-473c-95aa-167940ef39ba}
at java.base/jdk.internal.reflect.NativeConstructorAccessorImpl.newInstance0(Native Method)
at java.base/jdk.internal.reflect.NativeConstructorAccessorImpl.newInstance(NativeConstructorAccessorImpl.java:62)
at java.base/jdk.internal.reflect.DelegatingConstructorAccessorImpl.newInstance(DelegatingConstructorAccessorImpl.java:45)
at java.base/java.lang.reflect.Constructor.newInstance(Constructor.java:490)
at org.openqa.selenium.remote.http.W3CHttpResponseCodec.createException(W3CHttpResponseCodec.java:187)
at org.openqa.selenium.remote.http.W3CHttpResponseCodec.decode(W3CHttpResponseCodec.java:122)
at org.openqa.selenium.remote.http.W3CHttpResponseCodec.decode(W3CHttpResponseCodec.java:49)
at org.openqa.selenium.remote.HttpCommandExecutor.execute(HttpCommandExecutor.java:158)
at org.openqa.selenium.remote.service.DriverCommandExecutor.execute(DriverCommandExecutor.java:83)
at org.openqa.selenium.remote.RemoteWebDriver.execute(RemoteWebDriver.java:552)
at org.openqa.selenium.remote.RemoteWebDriver.findElement(RemoteWebDriver.java:323)
at org.openqa.selenium.remote.RemoteWebDriver.findElementByCssSelector(RemoteWebDriver.java:420)
at org.openqa.selenium.By$ByCssSelector.findElement(By.java:431)
at org.openqa.selenium.remote.RemoteWebDriver.findElement(RemoteWebDriver.java:315)
at com.qa.tests.UglyContactUsPageTest.submitForm(UglyContactUsPageTest.java:50)
at java.base/jdk.internal.reflect.NativeMethodAccessorImpl.invoke0(Native Method)
at java.base/jdk.internal.reflect.NativeMethodAccessorImpl.invoke(NativeMethodAccessorImpl.java:62)
at java.base/jdk.internal.reflect.DelegatingMethodAccessorImpl.invoke(DelegatingMethodAccessorImpl.java:43)
at java.base/java.lang.reflect.Method.invoke(Method.java:566)
at org.testng.internal.MethodInvocationHelper.invokeMethod(MethodInvocationHelper.java:134)
at org.testng.internal.TestInvoker.invokeMethod(TestInvoker.java:597)
at org.testng.internal.TestInvoker.invokeTestMethod(TestInvoker.java:173)
at org.testng.internal.MethodRunner.runInSequence(MethodRunner.java:46)
at org.testng.internal.TestInvoker$MethodInvocationAgent.invoke(TestInvoker.java:816)
at org.testng.internal.TestInvoker.invokeTestMethods(TestInvoker.java:146)
at org.testng.internal.TestMethodWorker.invokeTestMethods(TestMethodWorker.java:146)
at org.testng.internal.TestMethodWorker.run(TestMethodWorker.java:128)
at java.base/java.util.concurrent.ThreadPoolExecutor.runWorker(ThreadPoolExecutor.java:1128)
at java.base/java.util.concurrent.ThreadPoolExecutor$Worker.run(ThreadPoolExecutor.java:628)
at java.base/java.lang.Thread.run(Thread.java:834)
]]>
            </full-stacktrace>
          </exception> <!-- org.openqa.selenium.NoSuchElementException -->
          <reporter-output>
          </reporter-output>
        </test-method> <!-- submitForm -->
      </class> <!-- com.qa.tests.UglyContactUsPageTest -->
    </test> <!-- Page-Run. -->
  </suite> <!-- Pages -->
</testng-results>
